<?xml version="1.0" encoding="UTF-8"?>
<testsuite xmlns:xsi="http://www.w3.org/2001/XMLSchema-instance" xsi:noNamespaceSchemaLocation="https://maven.apache.org/surefire/maven-surefire-plugin/xsd/surefire-test-report-3.0.xsd" version="3.0" name="fr.ensea.rts.kardellas.suprano.server.TCPServerTest" time="0.069" tests="10" errors="3" skipped="0" failures="3">
  <properties>
[...]
</properties>
  <testcase name="testGetSetServerSocket" classname="fr.ensea.rts.kardellas.suprano.server.TCPServerTest" time="0.032"/>
  <testcase name="testHandleConnectionWhenServerSocketIsClosed" classname="fr.ensea.rts.kardellas.suprano.server.TCPServerTest" time="0.003">
    <error message="Cannot invoke &quot;java.net.Socket.getInetAddress()&quot; because &quot;clientSocket&quot; is null" type="java.lang.NullPointerException"><![CDATA[java.lang.NullPointerException: Cannot invoke "java.net.Socket.getInetAddress()" because "clientSocket" is null
	at fr.ensea.rts.kardellas.suprano.server.TCPServer.handleConnection(TCPServer.java:37)
	at fr.ensea.rts.kardellas.suprano.server.TCPServerTest.testHandleConnectionWhenServerSocketIsClosed(TCPServerTest.java:84)
	at java.base/java.lang.reflect.Method.invoke(Method.java:580)
	at java.base/java.util.ArrayList.forEach(ArrayList.java:1596)
	at java.base/java.util.ArrayList.forEach(ArrayList.java:1596)
]]></error>
  </testcase>
  <testcase name="testHandleConnectionWithIOException" classname="fr.ensea.rts.kardellas.suprano.server.TCPServerTest" time="0.004"/>
  <testcase name="testStop" classname="fr.ensea.rts.kardellas.suprano.server.TCPServerTest" time="0.005">
    <failure message="expected: &lt;true&gt; but was: &lt;false&gt;" type="org.opentest4j.AssertionFailedError"><![CDATA[org.opentest4j.AssertionFailedError: expected: <true> but was: <false>
	at org.junit.jupiter.api.AssertionFailureBuilder.build(AssertionFailureBuilder.java:151)
	at org.junit.jupiter.api.AssertionFailureBuilder.buildAndThrow(AssertionFailureBuilder.java:132)
	at org.junit.jupiter.api.AssertTrue.failNotTrue(AssertTrue.java:63)
	at org.junit.jupiter.api.AssertTrue.assertTrue(AssertTrue.java:36)
	at org.junit.jupiter.api.AssertTrue.assertTrue(AssertTrue.java:31)
	at org.junit.jupiter.api.Assertions.assertTrue(Assertions.java:183)
	at fr.ensea.rts.kardellas.suprano.server.TCPServerTest.testStop(TCPServerTest.java:98)
	at java.base/java.lang.reflect.Method.invoke(Method.java:580)
	at java.base/java.util.ArrayList.forEach(ArrayList.java:1596)
	at java.base/java.util.ArrayList.forEach(ArrayList.java:1596)
]]></failure>
  </testcase>
  <testcase name="testCreateConnectionThread" classname="fr.ensea.rts.kardellas.suprano.server.TCPServerTest" time="0.003"/>
  <testcase name="testHandleConnection" classname="fr.ensea.rts.kardellas.suprano.server.TCPServerTest" time="0.002">
    <error message="Cannot invoke &quot;java.net.InetAddress.getHostAddress()&quot; because the return value of &quot;java.net.Socket.getInetAddress()&quot; is null" type="java.lang.NullPointerException"><![CDATA[java.lang.NullPointerException: Cannot invoke "java.net.InetAddress.getHostAddress()" because the return value of "java.net.Socket.getInetAddress()" is null
	at fr.ensea.rts.kardellas.suprano.server.TCPServer.handleConnection(TCPServer.java:37)
	at fr.ensea.rts.kardellas.suprano.server.TCPServerTest.testHandleConnection(TCPServerTest.java:70)
	at java.base/java.lang.reflect.Method.invoke(Method.java:580)
	at java.base/java.util.ArrayList.forEach(ArrayList.java:1596)
	at java.base/java.util.ArrayList.forEach(ArrayList.java:1596)
]]></error>
  </testcase>
  <testcase name="testMainLoop" classname="fr.ensea.rts.kardellas.suprano.server.TCPServerTest" time="0.006">
    <error message="&#10;Unfinished stubbing detected here:&#10;-&gt; at fr.ensea.rts.kardellas.suprano.server.TCPServerTest.testMainLoop(TCPServerTest.java:151)&#10;&#10;E.g. thenReturn() may be missing.&#10;Examples of correct stubbing:&#10;    when(mock.isOk()).thenReturn(true);&#10;    when(mock.isOk()).thenThrow(exception);&#10;    doThrow(exception).when(mock).someVoidMethod();&#10;Hints:&#10; 1. missing thenReturn()&#10; 2. you are trying to stub a final method, which is not supported&#10; 3. you are stubbing the behaviour of another mock inside before &apos;thenReturn&apos; instruction is completed&#10;" type="org.mockito.exceptions.misusing.UnfinishedStubbingException"><![CDATA[org.mockito.exceptions.misusing.UnfinishedStubbingException: 

Unfinished stubbing detected here:
-> at fr.ensea.rts.kardellas.suprano.server.TCPServerTest.testMainLoop(TCPServerTest.java:151)

E.g. thenReturn() may be missing.
Examples of correct stubbing:
    when(mock.isOk()).thenReturn(true);
    when(mock.isOk()).thenThrow(exception);
    doThrow(exception).when(mock).someVoidMethod();
Hints:
 1. missing thenReturn()
 2. you are trying to stub a final method, which is not supported
 3. you are stubbing the behaviour of another mock inside before 'thenReturn' instruction is completed

	at fr.ensea.rts.kardellas.suprano.server.TCPServer.getServerSocket(TCPServer.java:82)
	at fr.ensea.rts.kardellas.suprano.server.TCPServerTest.testMainLoop(TCPServerTest.java:152)
	at java.base/java.lang.reflect.Method.invoke(Method.java:580)
	at java.base/java.util.ArrayList.forEach(ArrayList.java:1596)
	at java.base/java.util.ArrayList.forEach(ArrayList.java:1596)
]]></error>
  </testcase>
  <testcase name="testLaunch" classname="fr.ensea.rts.kardellas.suprano.server.TCPServerTest" time="0.002"/>
  <testcase name="testStopWithException" classname="fr.ensea.rts.kardellas.suprano.server.TCPServerTest" time="0.002">
    <failure message="stop() should throw a RuntimeException ==&gt; Expected java.lang.RuntimeException to be thrown, but nothing was thrown." type="org.opentest4j.AssertionFailedError"><![CDATA[org.opentest4j.AssertionFailedError: stop() should throw a RuntimeException ==> Expected java.lang.RuntimeException to be thrown, but nothing was thrown.
	at org.junit.jupiter.api.AssertionFailureBuilder.build(AssertionFailureBuilder.java:152)
	at org.junit.jupiter.api.AssertThrows.assertThrows(AssertThrows.java:73)
	at org.junit.jupiter.api.AssertThrows.assertThrows(AssertThrows.java:39)
	at org.junit.jupiter.api.Assertions.assertThrows(Assertions.java:3153)
	at fr.ensea.rts.kardellas.suprano.server.TCPServerTest.testStopWithException(TCPServerTest.java:179)
	at java.base/java.lang.reflect.Method.invoke(Method.java:580)
	at java.base/java.util.ArrayList.forEach(ArrayList.java:1596)
	at java.base/java.util.ArrayList.forEach(ArrayList.java:1596)
]]></failure>
  </testcase>
  <testcase name="testDefaultConstructor" classname="fr.ensea.rts.kardellas.suprano.server.TCPServerTest" time="0.002">
    <failure message="Default constructor should set port to 0 ==&gt; expected: &lt;0&gt; but was: &lt;8080&gt;" type="org.opentest4j.AssertionFailedError"><![CDATA[org.opentest4j.AssertionFailedError: Default constructor should set port to 0 ==> expected: <0> but was: <8080>
	at org.junit.jupiter.api.AssertionFailureBuilder.build(AssertionFailureBuilder.java:151)
	at org.junit.jupiter.api.AssertionFailureBuilder.buildAndThrow(AssertionFailureBuilder.java:132)
	at org.junit.jupiter.api.AssertEquals.failNotEqual(AssertEquals.java:197)
	at org.junit.jupiter.api.AssertEquals.assertEquals(AssertEquals.java:150)
	at org.junit.jupiter.api.Assertions.assertEquals(Assertions.java:563)
	at fr.ensea.rts.kardellas.suprano.server.TCPServerTest.testDefaultConstructor(TCPServerTest.java:129)
	at java.base/java.lang.reflect.Method.invoke(Method.java:580)
	at java.base/java.util.ArrayList.forEach(ArrayList.java:1596)
	at java.base/java.util.ArrayList.forEach(ArrayList.java:1596)
]]></failure>
  </testcase>
</testsuite>