<?xml version="1.0" encoding="UTF-8"?>
<testsuite xmlns:xsi="http://www.w3.org/2001/XMLSchema-instance" xsi:noNamespaceSchemaLocation="https://maven.apache.org/surefire/maven-surefire-plugin/xsd/surefire-test-report-3.0.xsd" version="3.0" name="fr.ensea.rts.kardellas.suprano.server.ConnectionThreadTest" time="0.229" tests="4" errors="0" skipped="0" failures="1">
  <properties>
[...]
</properties>
  <testcase name="testConnectionThreadRunWithValidInput" classname="fr.ensea.rts.kardellas.suprano.server.ConnectionThreadTest" time="0.201">
    <failure message="&#10;Wanted but not invoked:&#10;mockWriter.println(&quot;Echo: Hello Server&quot;);&#10;-&gt; at java.base/java.io.PrintWriter.println(PrintWriter.java:994)&#10;Actually, there were zero interactions with this mock.&#10;" type="Wanted but not invoked"><![CDATA[Wanted but not invoked:
mockWriter.println("Echo: Hello Server");
-> at java.base/java.io.PrintWriter.println(PrintWriter.java:994)
Actually, there were zero interactions with this mock.

	at java.base/java.io.PrintWriter.println(PrintWriter.java:994)
	at fr.ensea.rts.kardellas.suprano.server.ConnectionThreadTest.testConnectionThreadRunWithValidInput(ConnectionThreadTest.java:78)
	at java.base/java.lang.reflect.Method.invoke(Method.java:580)
	at java.base/java.util.ArrayList.forEach(ArrayList.java:1596)
	at java.base/java.util.ArrayList.forEach(ArrayList.java:1596)
]]></failure>
  </testcase>
  <testcase name="testConnectionThreadHandlesEmptyData" classname="fr.ensea.rts.kardellas.suprano.server.ConnectionThreadTest" time="0.006"/>
  <testcase name="testConnectionThreadHandlesNullData" classname="fr.ensea.rts.kardellas.suprano.server.ConnectionThreadTest" time="0.007"/>
  <testcase name="testConnectionThreadExceptionHandling" classname="fr.ensea.rts.kardellas.suprano.server.ConnectionThreadTest" time="0.006"/>
</testsuite>