<?xml version="1.0" encoding="UTF-8"?>
<testsuite xmlns:xsi="http://www.w3.org/2001/XMLSchema-instance" xsi:noNamespaceSchemaLocation="https://maven.apache.org/surefire/maven-surefire-plugin/xsd/surefire-test-report-3.0.xsd" version="3.0" name="fr.ensea.rts.kardellas.suprano.server.ConnectionThreadTest" time="0.226" tests="4" errors="0" skipped="0" failures="2">
  <properties>
[...]
</properties>
  <testcase name="testHandleEmptyInput" classname="fr.ensea.rts.kardellas.suprano.server.ConnectionThreadTest" time="0.187">
    <failure message="&#10;Wanted at most 1 time but was 2" type="org.mockito.exceptions.verification.MoreThanAllowedActualInvocations"><![CDATA[org.mockito.exceptions.verification.MoreThanAllowedActualInvocations: 

Wanted at most 1 time but was 2
	at java.base/java.net.Socket.close(Socket.java:1724)
	at fr.ensea.rts.kardellas.suprano.server.ConnectionThreadTest.testHandleEmptyInput(ConnectionThreadTest.java:116)
	at java.base/java.lang.reflect.Method.invoke(Method.java:580)
	at java.base/java.util.ArrayList.forEach(ArrayList.java:1596)
	at java.base/java.util.ArrayList.forEach(ArrayList.java:1596)
]]></failure>
  </testcase>
  <testcase name="testRunWithValidInput" classname="fr.ensea.rts.kardellas.suprano.server.ConnectionThreadTest" time="0.012"/>
  <testcase name="testHandleNullInput" classname="fr.ensea.rts.kardellas.suprano.server.ConnectionThreadTest" time="0.013">
    <failure message="&#10;mockSocket.close();&#10;Wanted 1 time:&#10;-&gt; at java.base/java.net.Socket.close(Socket.java:1724)&#10;But was 2 times:&#10;-&gt; at fr.ensea.rts.kardellas.suprano.server.ConnectionThread.run(ConnectionThread.java:40)&#10;-&gt; at fr.ensea.rts.kardellas.suprano.server.ConnectionThread.run(ConnectionThread.java:57)&#10;&#10;" type="org.mockito.exceptions.verification.TooManyActualInvocations"><![CDATA[org.mockito.exceptions.verification.TooManyActualInvocations: 

mockSocket.close();
Wanted 1 time:
-> at java.base/java.net.Socket.close(Socket.java:1724)
But was 2 times:
-> at fr.ensea.rts.kardellas.suprano.server.ConnectionThread.run(ConnectionThread.java:40)
-> at fr.ensea.rts.kardellas.suprano.server.ConnectionThread.run(ConnectionThread.java:57)


	at java.base/java.net.Socket.close(Socket.java:1724)
	at fr.ensea.rts.kardellas.suprano.server.ConnectionThreadTest.testHandleNullInput(ConnectionThreadTest.java:153)
	at java.base/java.lang.reflect.Method.invoke(Method.java:580)
	at java.base/java.util.ArrayList.forEach(ArrayList.java:1596)
	at java.base/java.util.ArrayList.forEach(ArrayList.java:1596)
]]></failure>
  </testcase>
  <testcase name="testExceptionHandling" classname="fr.ensea.rts.kardellas.suprano.server.ConnectionThreadTest" time="0.005"/>
</testsuite>