<?xml version="1.0" encoding="UTF-8"?>
<testsuite xmlns:xsi="http://www.w3.org/2001/XMLSchema-instance" xsi:noNamespaceSchemaLocation="https://maven.apache.org/surefire/maven-surefire-plugin/xsd/surefire-test-report-3.0.xsd" version="3.0" name="fr.ensea.rts.kardellas.suprano.server.TCPServerTest" time="0.052" tests="3" errors="1" skipped="0" failures="1">
  <properties>
[...]
</properties>
  <testcase name="testStop" classname="fr.ensea.rts.kardellas.suprano.server.TCPServerTest" time="0.033"/>
  <testcase name="testHandleConnection" classname="fr.ensea.rts.kardellas.suprano.server.TCPServerTest" time="0.011">
    <failure message="Unexpected exception thrown: java.lang.NullPointerException: Cannot invoke &quot;java.net.ServerSocket.accept()&quot; because &quot;&lt;local2&gt;.serverSocket&quot; is null" type="org.opentest4j.AssertionFailedError"><![CDATA[org.opentest4j.AssertionFailedError: Unexpected exception thrown: java.lang.NullPointerException: Cannot invoke "java.net.ServerSocket.accept()" because "<local2>.serverSocket" is null
	at org.junit.jupiter.api.AssertionFailureBuilder.build(AssertionFailureBuilder.java:152)
	at org.junit.jupiter.api.AssertDoesNotThrow.createAssertionFailedError(AssertDoesNotThrow.java:84)
	at org.junit.jupiter.api.AssertDoesNotThrow.assertDoesNotThrow(AssertDoesNotThrow.java:53)
	at org.junit.jupiter.api.AssertDoesNotThrow.assertDoesNotThrow(AssertDoesNotThrow.java:36)
	at org.junit.jupiter.api.Assertions.assertDoesNotThrow(Assertions.java:3199)
	at fr.ensea.rts.kardellas.suprano.server.TCPServerTest.testHandleConnection(TCPServerTest.java:54)
	at java.base/java.lang.reflect.Method.invoke(Method.java:580)
	at java.base/java.util.ArrayList.forEach(ArrayList.java:1596)
	at java.base/java.util.ArrayList.forEach(ArrayList.java:1596)
Caused by: java.lang.NullPointerException: Cannot invoke "java.net.ServerSocket.accept()" because "<local2>.serverSocket" is null
	at fr.ensea.rts.kardellas.suprano.server.TCPServer.handleConnection(TCPServer.java:32)
	at fr.ensea.rts.kardellas.suprano.server.TCPServer.handleConnection(TCPServer.java:31)
	at fr.ensea.rts.kardellas.suprano.server.TCPServerTest.lambda$testHandleConnection$0(TCPServerTest.java:54)
	at org.junit.jupiter.api.AssertDoesNotThrow.assertDoesNotThrow(AssertDoesNotThrow.java:49)
	... 6 more
]]></failure>
    <system-out><![CDATA[Waiting for a client connection...
]]></system-out>
  </testcase>
  <testcase name="testLaunch" classname="fr.ensea.rts.kardellas.suprano.server.TCPServerTest" time="0.006">
    <error message="Failed to launch server" type="java.lang.RuntimeException"><![CDATA[java.lang.RuntimeException: Failed to launch server
	at fr.ensea.rts.kardellas.suprano.server.TCPServer.launch(TCPServer.java:24)
	at fr.ensea.rts.kardellas.suprano.server.TCPServer.launch(TCPServer.java:20)
	at fr.ensea.rts.kardellas.suprano.server.TCPServerTest.testLaunch(TCPServerTest.java:42)
	at java.base/java.lang.reflect.Method.invoke(Method.java:580)
	at java.base/java.util.ArrayList.forEach(ArrayList.java:1596)
	at java.base/java.util.ArrayList.forEach(ArrayList.java:1596)
Caused by: java.net.BindException: Address already in use: bind
	at java.base/sun.nio.ch.Net.bind0(Native Method)
	at java.base/sun.nio.ch.Net.bind(Net.java:565)
	at java.base/sun.nio.ch.Net.bind(Net.java:554)
	at java.base/sun.nio.ch.NioSocketImpl.bind(NioSocketImpl.java:636)
	at java.base/java.net.ServerSocket.bind(ServerSocket.java:391)
	at java.base/java.net.ServerSocket.<init>(ServerSocket.java:278)
	at java.base/java.net.ServerSocket.<init>(ServerSocket.java:171)
	at fr.ensea.rts.kardellas.suprano.server.TCPServer.launch(TCPServer.java:20)
	at java.base/java.lang.invoke.MethodHandle.invokeWithArguments(MethodHandle.java:733)
	at org.mockito.internal.util.reflection.InstrumentationMemberAccessor$Dispatcher$ByteBuddy$Ej8oXWFM.invokeWithArguments(Unknown Source)
	at org.mockito.internal.util.reflection.InstrumentationMemberAccessor.invoke(InstrumentationMemberAccessor.java:251)
	at org.mockito.internal.util.reflection.ModuleMemberAccessor.invoke(ModuleMemberAccessor.java:55)
	at org.mockito.internal.creation.bytebuddy.MockMethodAdvice.tryInvoke(MockMethodAdvice.java:314)
	at org.mockito.internal.creation.bytebuddy.MockMethodAdvice$RealMethodCall.invoke(MockMethodAdvice.java:234)
	at org.mockito.internal.invocation.InterceptedInvocation.callRealMethod(InterceptedInvocation.java:142)
	at org.mockito.internal.stubbing.answers.CallsRealMethods.answer(CallsRealMethods.java:45)
	at org.mockito.Answers.answer(Answers.java:90)
	at org.mockito.internal.handler.MockHandlerImpl.handle(MockHandlerImpl.java:111)
	at org.mockito.internal.handler.NullResultGuardian.handle(NullResultGuardian.java:29)
	at org.mockito.internal.handler.InvocationNotifierHandler.handle(InvocationNotifierHandler.java:34)
	at org.mockito.internal.creation.bytebuddy.MockMethodInterceptor.doIntercept(MockMethodInterceptor.java:82)
	at org.mockito.internal.creation.bytebuddy.MockMethodAdvice.handle(MockMethodAdvice.java:134)
	... 5 more
]]></error>
  </testcase>
</testsuite>